2005.03.12 17:18 B C:\Documents and Settings\tphilome\Desktop\KofC\State\Website20050312\Assembly1955\Images\Menu\doc.gif <-- kofcwsc /Assembly1955/Images/Menu doc.gif
2005.03.12 17:18 B C:\Documents and Settings\tphilome\Desktop\KofC\State\Website20050312\Assembly1955\Images\Menu\docjoin.gif <-- kofcwsc /Assembly1955/Images/Menu docjoin.gif
2005.03.12 17:18 B C:\Documents and Settings\tphilome\Desktop\KofC\State\Website20050312\Assembly1955\Images\Menu\folderclosed-empty.gif <-- kofcwsc /Assembly1955/Images/Menu folderclosed-empty.gif
2005.03.12 17:18 B C:\Documents and Settings\tphilome\Desktop\KofC\State\Website20050312\Assembly1955\Images\Menu\folderclosed.gif <-- kofcwsc /Assembly1955/Images/Menu folderclosed.gif
2005.03.12 17:18 B C:\Documents and Settings\tphilome\Desktop\KofC\State\Website20050312\Assembly1955\Images\Menu\folderclosedjoin-empty.gif <-- kofcwsc /Assembly1955/Images/Menu folderclosedjoin-empty.gif
2005.03.12 17:18 B C:\Documents and Settings\tphilome\Desktop\KofC\State\Website20050312\Assembly1955\Images\Menu\folderopen.gif <-- kofcwsc /Assembly1955/Images/Menu folderopen.gif
2005.03.12 17:18 B C:\Documents and Settings\tphilome\Desktop\KofC\State\Website20050312\Assembly1955\Images\Menu\home.gif <-- kofcwsc /Assembly1955/Images/Menu home.gif
2005.03.12 17:18 B C:\Documents and Settings\tphilome\Desktop\KofC\State\Website20050312\Assembly1955\Images\Menu\home1.gif <-- kofcwsc /Assembly1955/Images/Menu home1.gif
2005.03.12 17:18 B C:\Documents and Settings\tphilome\Desktop\KofC\State\Website20050312\Assembly1955\Images\Menu\house.gif <-- kofcwsc /Assembly1955/Images/Menu house.gif
2005.03.12 17:18 B C:\Documents and Settings\tphilome\Desktop\KofC\State\Website20050312\Assembly1955\Images\Menu\line.gif <-- kofcwsc /Assembly1955/Images/Menu line.gif
2005.03.12 17:18 B C:\Documents and Settings\tphilome\Desktop\KofC\State\Website20050312\Assembly1955\Images\Menu\minusonly.gif <-- kofcwsc /Assembly1955/Images/Menu minusonly.gif
2005.03.12 17:18 B C:\Documents and Settings\tphilome\Desktop\KofC\State\Website20050312\Assembly1955\Images\Menu\plusonly.gif <-- kofcwsc /Assembly1955/Images/Menu plusonly.gif
2005.03.12 18:27 B C:\Documents and Settings\tphilome\Desktop\KofC\State\Website20050312\Assembly1955\Images\Menu\doc.gif --> ftp.kofcwaorg00.web117.discountasp.net /kofcwaorg00/Assembly1955/Images/Menu doc.gif
2005.03.12 18:27 B C:\Documents and Settings\tphilome\Desktop\KofC\State\Website20050312\Assembly1955\Images\Menu\docjoin.gif --> ftp.kofcwaorg00.web117.discountasp.net /kofcwaorg00/Assembly1955/Images/Menu docjoin.gif
2005.03.12 18:27 B C:\Documents and Settings\tphilome\Desktop\KofC\State\Website20050312\Assembly1955\Images\Menu\folderclosed-empty.gif --> ftp.kofcwaorg00.web117.discountasp.net /kofcwaorg00/Assembly1955/Images/Menu folderclosed-empty.gif
2005.03.12 18:27 B C:\Documents and Settings\tphilome\Desktop\KofC\State\Website20050312\Assembly1955\Images\Menu\folderclosed.gif --> ftp.kofcwaorg00.web117.discountasp.net /kofcwaorg00/Assembly1955/Images/Menu folderclosed.gif
2005.03.12 18:27 B C:\Documents and Settings\tphilome\Desktop\KofC\State\Website20050312\Assembly1955\Images\Menu\folderclosedjoin-empty.gif --> ftp.kofcwaorg00.web117.discountasp.net /kofcwaorg00/Assembly1955/Images/Menu folderclosedjoin-empty.gif
2005.03.12 18:27 B C:\Documents and Settings\tphilome\Desktop\KofC\State\Website20050312\Assembly1955\Images\Menu\folderopen.gif --> ftp.kofcwaorg00.web117.discountasp.net /kofcwaorg00/Assembly1955/Images/Menu folderopen.gif
2005.03.12 18:27 B C:\Documents and Settings\tphilome\Desktop\KofC\State\Website20050312\Assembly1955\Images\Menu\home.gif --> ftp.kofcwaorg00.web117.discountasp.net /kofcwaorg00/Assembly1955/Images/Menu home.gif
2005.03.12 18:27 B C:\Documents and Settings\tphilome\Desktop\KofC\State\Website20050312\Assembly1955\Images\Menu\home1.gif --> ftp.kofcwaorg00.web117.discountasp.net /kofcwaorg00/Assembly1955/Images/Menu home1.gif
2005.03.12 18:27 B C:\Documents and Settings\tphilome\Desktop\KofC\State\Website20050312\Assembly1955\Images\Menu\house.gif --> ftp.kofcwaorg00.web117.discountasp.net /kofcwaorg00/Assembly1955/Images/Menu house.gif
2005.03.12 18:27 B C:\Documents and Settings\tphilome\Desktop\KofC\State\Website20050312\Assembly1955\Images\Menu\line.gif --> ftp.kofcwaorg00.web117.discountasp.net /kofcwaorg00/Assembly1955/Images/Menu line.gif
2005.03.12 18:27 B C:\Documents and Settings\tphilome\Desktop\KofC\State\Website20050312\Assembly1955\Images\Menu\minusonly.gif --> ftp.kofcwaorg00.web117.discountasp.net /kofcwaorg00/Assembly1955/Images/Menu minusonly.gif
2005.03.12 18:27 B C:\Documents and Settings\tphilome\Desktop\KofC\State\Website20050312\Assembly1955\Images\Menu\plusonly.gif --> ftp.kofcwaorg00.web117.discountasp.net /kofcwaorg00/Assembly1955/Images/Menu plusonly.gif
